SF:lib/helpers/section_tag.dart
DA:2,0
DA:11,1
DA:12,1
DA:13,2
DA:16,1
DA:17,2
DA:20,1
DA:21,1
DA:22,1
DA:30,3
DA:31,1
DA:34,1
DA:38,1
DA:41,1
DA:42,2
DA:43,2
DA:46,1
DA:47,1
DA:54,3
DA:55,1
DA:57,2
DA:61,1
DA:62,1
LF:23
LH:22
end_of_record
SF:lib/helpers/utils.dart
DA:7,1
DA:8,2
DA:10,1
DA:12,1
DA:16,1
DA:17,1
DA:18,1
DA:19,1
DA:22,0
DA:23,0
DA:24,0
DA:29,0
DA:30,0
DA:32,0
DA:33,0
DA:38,0
DA:39,0
DA:41,0
DA:42,0
DA:43,0
DA:47,1
DA:51,1
DA:52,1
DA:54,1
DA:55,1
DA:57,2
DA:58,1
DA:59,1
DA:63,2
DA:64,1
DA:65,1
DA:76,0
DA:77,0
DA:79,0
DA:80,0
DA:82,0
DA:84,0
DA:86,0
DA:88,0
DA:89,0
DA:92,0
DA:93,0
DA:95,0
DA:97,0
DA:98,0
DA:111,1
DA:120,3
DA:121,2
DA:123,2
DA:127,4
DA:132,1
DA:136,2
DA:137,3
DA:138,3
LF:54
LH:28
end_of_record
SF:lib/helpers/syntax_highlighter.dart
DA:6,0
DA:8,0
DA:10,0
DA:16,0
DA:22,0
DA:23,0
DA:24,0
DA:28,0
DA:29,0
DA:30,0
DA:32,0
DA:36,0
DA:37,0
DA:38,0
DA:42,1
DA:44,1
DA:45,1
DA:48,1
DA:51,1
DA:57,1
DA:60,2
DA:61,1
DA:62,1
DA:66,1
DA:68,1
DA:69,3
DA:70,3
DA:73,2
DA:74,1
DA:78,2
DA:83,1
DA:84,1
LF:32
LH:18
end_of_record
